[
  {
    "level": "INFO",
    "message": "android.ndkVersion from module build.gradle is not set"
  },
  {
    "level": "INFO",
    "message": "ndk.dir in local.properties is not set"
  },
  {
    "level": "INFO",
    "message": "ANDROID_NDK_HOME environment variable is not set"
  },
  {
    "level": "INFO",
    "message": "sdkFolder is /Users/shaibin/Library/Android/sdk"
  },
  {
    "level": "INFO",
    "message": "Because no explicit NDK was requested, the default version \u002721.0.6113669\u0027 for this Android Gradle Plugin will be used"
  },
  {
    "level": "INFO",
    "message": "Considering /Users/shaibin/Library/Android/sdk/ndk-bundle in SDK ndk-bundle folder"
  },
  {
    "level": "INFO",
    "message": "Considering /Users/shaibin/Library/Android/sdk/ndk/24.0.8215888 in SDK ndk folder"
  },
  {
    "level": "INFO",
    "message": "Considering /Users/shaibin/Library/Android/sdk/ndk/21.4.7075529 in SDK ndk folder"
  },
  {
    "level": "INFO",
    "message": "Considering /Users/shaibin/Library/Android/sdk/ndk/23.0.7599858 in SDK ndk folder"
  },
  {
    "level": "INFO",
    "message": "Considering /Users/shaibin/Library/Android/sdk/ndk/21.1.6352462 in SDK ndk folder"
  },
  {
    "level": "INFO",
    "message": "Considering /Users/shaibin/Library/Android/sdk/ndk/23.1.7779620 in SDK ndk folder"
  },
  {
    "level": "INFO",
    "message": "Rejected /Users/shaibin/Library/Android/sdk/ndk/24.0.8215888 in SDK ndk folder because that NDK had version 24.0.8215888 which didn\u0027t match the requested version 21.0.6113669"
  },
  {
    "level": "INFO",
    "message": "Rejected /Users/shaibin/Library/Android/sdk/ndk/23.1.7779620 in SDK ndk folder because that NDK had version 23.1.7779620 which didn\u0027t match the requested version 21.0.6113669"
  },
  {
    "level": "INFO",
    "message": "Rejected /Users/shaibin/Library/Android/sdk/ndk/23.0.7599858 in SDK ndk folder because that NDK had version 23.0.7599858 which didn\u0027t match the requested version 21.0.6113669"
  },
  {
    "level": "INFO",
    "message": "Rejected /Users/shaibin/Library/Android/sdk/ndk/21.4.7075529 in SDK ndk folder because that NDK had version 21.4.7075529 which didn\u0027t match the requested version 21.0.6113669"
  },
  {
    "level": "INFO",
    "message": "Rejected /Users/shaibin/Library/Android/sdk/ndk/21.1.6352462 in SDK ndk folder because that NDK had version 21.1.6352462 which didn\u0027t match the requested version 21.0.6113669"
  },
  {
    "level": "INFO",
    "message": "Rejected /Users/shaibin/Library/Android/sdk/ndk-bundle in SDK ndk-bundle folder because that NDK had version 22.1.7171670 which didn\u0027t match the requested version 21.0.6113669"
  },
  {
    "level": "ERROR",
    "message": "No version of NDK matched the requested version 21.0.6113669. Versions available locally: 21.1.6352462, 21.4.7075529, 22.1.7171670, 23.0.7599858, 23.1.7779620, 24.0.8215888"
  }
]